  Box.cpp
e:\downloads\ergastirio opengl\graphics project\graphics project\object.h(19): error C2440: '<function-style-cast>': cannot convert from 'Object' to 'std::shared_ptr<Object>'
  e:\downloads\ergastirio opengl\graphics project\graphics project\object.h(19): note: No constructor could take the source type, or constructor overload resolution was ambiguous
  e:\downloads\ergastirio opengl\graphics project\graphics project\box.cpp(4): note: see reference to function template instantiation 'Object::Object<std::shared_ptr<GeometryNode>>(Tag,std::shared_ptr<GeometryNode>)' being compiled
  CannonsTower.cpp
e:\downloads\ergastirio opengl\graphics project\graphics project\enemy.h(48): warning C4305: 'initializing': truncation from 'double' to 'float'
e:\downloads\ergastirio opengl\graphics project\graphics project\enemy.h(49): warning C4305: 'initializing': truncation from 'double' to 'float'
e:\downloads\ergastirio opengl\graphics project\graphics project\cannonstower.cpp(23): warning C4244: '=': conversion from 'double' to 'float', possible loss of data
e:\downloads\ergastirio opengl\graphics project\graphics project\cannonstower.cpp(50): warning C4244: '+=': conversion from 'double' to 'float', possible loss of data
e:\downloads\ergastirio opengl\graphics project\graphics project\cannonstower.cpp(60): warning C4244: '-=': conversion from 'double' to 'float', possible loss of data
e:\downloads\ergastirio opengl\graphics project\graphics project\cannonstower.cpp(74): warning C4244: '-=': conversion from 'double' to 'float', possible loss of data
e:\downloads\ergastirio opengl\graphics project\graphics project\cannonstower.cpp(78): warning C4244: '+=': conversion from 'double' to 'float', possible loss of data
  CastProjectile.cpp
e:\downloads\ergastirio opengl\graphics project\graphics project\enemy.h(48): warning C4305: 'initializing': truncation from 'double' to 'float'
e:\downloads\ergastirio opengl\graphics project\graphics project\enemy.h(49): warning C4305: 'initializing': truncation from 'double' to 'float'
e:\downloads\ergastirio opengl\graphics project\graphics project\castprojectile.cpp(42): warning C4244: 'return': conversion from 'const double' to 'float', possible loss of data
e:\downloads\ergastirio opengl\graphics project\graphics project\castprojectile.cpp(54): warning C4244: 'argument': conversion from 'double' to 'GLfloat', possible loss of data
e:\downloads\ergastirio opengl\graphics project\graphics project\castprojectile.cpp(56): warning C4244: 'argument': conversion from 'double' to 'GLfloat', possible loss of data
  CastlePart.cpp
e:\downloads\ergastirio opengl\graphics project\graphics project\castlepart.cpp(6): warning C4244: 'argument': conversion from 'double' to 'float', possible loss of data
e:\downloads\ergastirio opengl\graphics project\graphics project\object.h(19): error C2440: '<function-style-cast>': cannot convert from 'Object' to 'std::shared_ptr<Object>'
  e:\downloads\ergastirio opengl\graphics project\graphics project\object.h(19): note: No constructor could take the source type, or constructor overload resolution was ambiguous
  e:\downloads\ergastirio opengl\graphics project\graphics project\castlepart.cpp(4): note: see reference to function template instantiation 'Object::Object<std::shared_ptr<GeometryNode>>(Tag,std::shared_ptr<GeometryNode>)' being compiled
  Enemy.cpp
e:\downloads\ergastirio opengl\graphics project\graphics project\enemy.h(48): warning C4305: 'initializing': truncation from 'double' to 'float'
e:\downloads\ergastirio opengl\graphics project\graphics project\enemy.h(49): warning C4305: 'initializing': truncation from 'double' to 'float'
e:\downloads\ergastirio opengl\graphics project\graphics project\enemy.cpp(10): warning C4244: 'initializing': conversion from 'double' to 'float', possible loss of data
e:\downloads\ergastirio opengl\graphics project\graphics project\enemy.cpp(13): warning C4244: 'argument': conversion from 'double' to 'float', possible loss of data
e:\downloads\ergastirio opengl\graphics project\graphics project\enemy.cpp(20): warning C4244: 'argument': conversion from 'double' to 'float', possible loss of data
e:\downloads\ergastirio opengl\graphics project\graphics project\enemy.cpp(26): warning C4244: 'argument': conversion from 'double' to 'float', possible loss of data
e:\downloads\ergastirio opengl\graphics project\graphics project\enemy.cpp(32): warning C4244: 'argument': conversion from 'double' to 'float', possible loss of data
e:\downloads\ergastirio opengl\graphics project\graphics project\enemy.cpp(92): warning C4244: 'argument': conversion from 'double' to 'T', possible loss of data
          with
          [
              T=float
          ]
e:\downloads\ergastirio opengl\graphics project\graphics project\enemy.cpp(93): warning C4244: 'argument': conversion from 'double' to 'T', possible loss of data
          with
          [
              T=float
          ]
e:\downloads\ergastirio opengl\graphics project\graphics project\enemy.cpp(152): warning C4244: '-=': conversion from 'double' to 'float', possible loss of data
e:\downloads\ergastirio opengl\graphics project\graphics project\object.h(19): error C2440: '<function-style-cast>': cannot convert from 'Object' to 'std::shared_ptr<Object>'
  e:\downloads\ergastirio opengl\graphics project\graphics project\object.h(19): note: No constructor could take the source type, or constructor overload resolution was ambiguous
  e:\downloads\ergastirio opengl\graphics project\graphics project\enemy.cpp(11): note: see reference to function template instantiation 'Object::Object<std::shared_ptr<GeometryNode>,std::shared_ptr<GeometryNode>,std::shared_ptr<GeometryNode>,std::shared_ptr<GeometryNode>>(Tag,std::shared_ptr<GeometryNode>,std::shared_ptr<GeometryNode>,std::shared_ptr<GeometryNode>,std::shared_ptr<GeometryNode>)' being compiled
  Landscape.cpp
e:\downloads\ergastirio opengl\graphics project\graphics project\object.h(19): error C2440: '<function-style-cast>': cannot convert from 'Object' to 'std::shared_ptr<Object>'
  e:\downloads\ergastirio opengl\graphics project\graphics project\object.h(19): note: No constructor could take the source type, or constructor overload resolution was ambiguous
  e:\downloads\ergastirio opengl\graphics project\graphics project\landscape.cpp(7): note: see reference to function template instantiation 'Object::Object<std::shared_ptr<GeometryNode>>(Tag,std::shared_ptr<GeometryNode>)' being compiled
  MagicsTower.cpp
e:\downloads\ergastirio opengl\graphics project\graphics project\enemy.h(48): warning C4305: 'initializing': truncation from 'double' to 'float'
e:\downloads\ergastirio opengl\graphics project\graphics project\enemy.h(49): warning C4305: 'initializing': truncation from 'double' to 'float'
  MovingProjectile.cpp
e:\downloads\ergastirio opengl\graphics project\graphics project\movingprojectile.cpp(8): warning C4305: 'argument': truncation from 'double' to 'T'
          with
          [
              T=float
          ]
e:\downloads\ergastirio opengl\graphics project\graphics project\movingprojectile.cpp(16): warning C4244: 'argument': conversion from 'double' to 'float', possible loss of data
  Object.cpp
  ProjectileBase.cpp
e:\downloads\ergastirio opengl\graphics project\graphics project\object.h(19): error C2440: '<function-style-cast>': cannot convert from 'Object' to 'std::shared_ptr<Object>'
  e:\downloads\ergastirio opengl\graphics project\graphics project\object.h(19): note: No constructor could take the source type, or constructor overload resolution was ambiguous
  e:\downloads\ergastirio opengl\graphics project\graphics project\projectilebase.cpp(3): note: see reference to function template instantiation 'Object::Object<std::shared_ptr<GeometryNode>>(Tag,std::shared_ptr<GeometryNode>)' being compiled
  Renderer.cpp
e:\downloads\ergastirio opengl\graphics project\graphics project\camera.h(93): warning C4244: 'initializing': conversion from 'double' to 'const float', possible loss of data
e:\downloads\ergastirio opengl\graphics project\graphics project\enemy.h(48): warning C4305: 'initializing': truncation from 'double' to 'float'
e:\downloads\ergastirio opengl\graphics project\graphics project\enemy.h(49): warning C4305: 'initializing': truncation from 'double' to 'float'
e:\downloads\ergastirio opengl\graphics project\graphics project\renderer.cpp(138): warning C4244: 'initializing': conversion from 'T' to 'int', possible loss of data
          with
          [
              T=float
          ]
e:\downloads\ergastirio opengl\graphics project\graphics project\renderer.cpp(139): warning C4244: 'initializing': conversion from 'T' to 'int', possible loss of data
          with
          [
              T=float
          ]
e:\downloads\ergastirio opengl\graphics project\graphics project\renderer.cpp(210): warning C4244: '+=': conversion from 'float' to 'int', possible loss of data
e:\downloads\ergastirio opengl\graphics project\graphics project\renderer.cpp(214): warning C4244: '+=': conversion from 'float' to 'int', possible loss of data
e:\downloads\ergastirio opengl\graphics project\graphics project\renderer.cpp(291): warning C4244: 'initializing': conversion from 'T' to 'int', possible loss of data
          with
          [
              T=float
          ]
e:\downloads\ergastirio opengl\graphics project\graphics project\renderer.cpp(292): warning C4244: 'initializing': conversion from 'T' to 'int', possible loss of data
          with
          [
              T=float
          ]
e:\downloads\ergastirio opengl\graphics project\graphics project\renderer.cpp(756): warning C4305: 'argument': truncation from 'double' to 'float'
e:\downloads\ergastirio opengl\graphics project\graphics project\renderer.cpp(774): warning C4305: 'argument': truncation from 'double' to 'T'
          with
          [
              T=float
          ]
e:\downloads\ergastirio opengl\graphics project\graphics project\renderer.cpp(775): warning C4305: 'argument': truncation from 'double' to 'T'
          with
          [
              T=float
          ]
e:\downloads\ergastirio opengl\graphics project\graphics project\renderer.cpp(776): warning C4305: 'argument': truncation from 'double' to 'T'
          with
          [
              T=float
          ]
e:\downloads\ergastirio opengl\graphics project\graphics project\renderer.cpp(777): warning C4305: 'argument': truncation from 'double' to 'T'
          with
          [
              T=float
          ]
e:\downloads\ergastirio opengl\graphics project\graphics project\renderer.cpp(778): warning C4305: 'argument': truncation from 'double' to 'T'
          with
          [
              T=float
          ]
e:\downloads\ergastirio opengl\graphics project\graphics project\renderer.cpp(779): warning C4305: 'argument': truncation from 'double' to 'T'
          with
          [
              T=float
          ]
e:\downloads\ergastirio opengl\graphics project\graphics project\renderer.cpp(780): warning C4305: 'argument': truncation from 'double' to 'T'
          with
          [
              T=float
          ]
e:\downloads\ergastirio opengl\graphics project\graphics project\renderer.cpp(781): warning C4305: 'argument': truncation from 'double' to 'T'
          with
          [
              T=float
          ]
e:\downloads\ergastirio opengl\graphics project\graphics project\renderer.cpp(782): warning C4305: 'argument': truncation from 'double' to 'T'
          with
          [
              T=float
          ]
e:\downloads\ergastirio opengl\graphics project\graphics project\renderer.cpp(783): warning C4305: 'argument': truncation from 'double' to 'T'
          with
          [
              T=float
          ]
e:\downloads\ergastirio opengl\graphics project\graphics project\renderer.cpp(784): warning C4305: 'argument': truncation from 'double' to 'T'
          with
          [
              T=float
          ]
e:\downloads\ergastirio opengl\graphics project\graphics project\renderer.cpp(785): warning C4305: 'argument': truncation from 'double' to 'T'
          with
          [
              T=float
          ]
e:\downloads\ergastirio opengl\graphics project\graphics project\renderer.cpp(786): warning C4305: 'argument': truncation from 'double' to 'T'
          with
          [
              T=float
          ]
e:\downloads\ergastirio opengl\graphics project\graphics project\renderer.cpp(787): warning C4305: 'argument': truncation from 'double' to 'T'
          with
          [
              T=float
          ]
e:\downloads\ergastirio opengl\graphics project\graphics project\renderer.cpp(788): warning C4305: 'argument': truncation from 'double' to 'T'
          with
          [
              T=float
          ]
e:\downloads\ergastirio opengl\graphics project\graphics project\renderer.cpp(790): warning C4305: 'argument': truncation from 'double' to 'T'
          with
          [
              T=float
          ]
e:\downloads\ergastirio opengl\graphics project\graphics project\renderer.cpp(791): warning C4305: 'argument': truncation from 'double' to 'T'
          with
          [
              T=float
          ]
e:\downloads\ergastirio opengl\graphics project\graphics project\renderer.cpp(792): warning C4305: 'argument': truncation from 'double' to 'T'
          with
          [
              T=float
          ]
e:\downloads\ergastirio opengl\graphics project\graphics project\renderer.cpp(793): warning C4305: 'argument': truncation from 'double' to 'T'
          with
          [
              T=float
          ]
e:\downloads\ergastirio opengl\graphics project\graphics project\renderer.cpp(803): warning C4244: 'argument': conversion from 'double' to 'T', possible loss of data
          with
          [
              T=float
          ]
e:\downloads\ergastirio opengl\graphics project\graphics project\renderer.cpp(804): warning C4244: 'argument': conversion from 'double' to 'T', possible loss of data
          with
          [
              T=float
          ]
e:\downloads\ergastirio opengl\graphics project\graphics project\renderer.cpp(805): warning C4244: 'argument': conversion from 'double' to 'T', possible loss of data
          with
          [
              T=float
          ]
e:\downloads\ergastirio opengl\graphics project\graphics project\renderer.cpp(806): warning C4244: 'argument': conversion from 'double' to 'T', possible loss of data
          with
          [
              T=float
          ]
e:\downloads\ergastirio opengl\graphics project\graphics project\renderer.cpp(807): warning C4244: 'argument': conversion from 'double' to 'T', possible loss of data
          with
          [
              T=float
          ]
e:\downloads\ergastirio opengl\graphics project\graphics project\renderer.cpp(808): warning C4244: 'argument': conversion from 'double' to 'T', possible loss of data
          with
          [
              T=float
          ]
e:\downloads\ergastirio opengl\graphics project\graphics project\renderer.cpp(809): warning C4244: 'argument': conversion from 'double' to 'T', possible loss of data
          with
          [
              T=float
          ]
e:\downloads\ergastirio opengl\graphics project\graphics project\renderer.cpp(810): warning C4244: 'argument': conversion from 'double' to 'T', possible loss of data
          with
          [
              T=float
          ]
e:\downloads\ergastirio opengl\graphics project\graphics project\renderer.cpp(811): warning C4244: 'argument': conversion from 'double' to 'T', possible loss of data
          with
          [
              T=float
          ]
e:\downloads\ergastirio opengl\graphics project\graphics project\renderer.cpp(812): warning C4244: 'argument': conversion from 'double' to 'T', possible loss of data
          with
          [
              T=float
          ]
e:\downloads\ergastirio opengl\graphics project\graphics project\renderer.cpp(813): warning C4244: 'argument': conversion from 'double' to 'T', possible loss of data
          with
          [
              T=float
          ]
e:\downloads\ergastirio opengl\graphics project\graphics project\renderer.cpp(814): warning C4244: 'argument': conversion from 'double' to 'T', possible loss of data
          with
          [
              T=float
          ]
e:\downloads\ergastirio opengl\graphics project\graphics project\renderer.cpp(815): warning C4244: 'argument': conversion from 'double' to 'T', possible loss of data
          with
          [
              T=float
          ]
e:\downloads\ergastirio opengl\graphics project\graphics project\renderer.cpp(1047): warning C4305: 'argument': truncation from 'double' to 'GLfloat'
e:\downloads\ergastirio opengl\graphics project\graphics project\renderer.cpp(1138): warning C4305: 'argument': truncation from 'double' to 'GLfloat'
e:\downloads\ergastirio opengl\graphics project\graphics project\renderer.cpp(1200): warning C4305: 'argument': truncation from 'double' to 'GLfloat'
e:\downloads\ergastirio opengl\graphics project\graphics project\renderer.cpp(1271): warning C4244: 'argument': conversion from 'T' to 'GLint', possible loss of data
          with
          [
              T=float
          ]
e:\downloads\ergastirio opengl\graphics project\graphics project\renderer.cpp(1324): warning C4305: 'argument': truncation from 'double' to 'T'
          with
          [
              T=float
          ]
e:\downloads\ergastirio opengl\graphics project\graphics project\renderer.cpp(1339): warning C4305: 'argument': truncation from 'double' to 'T'
          with
          [
              T=float
          ]
e:\downloads\ergastirio opengl\graphics project\graphics project\renderer.cpp(1366): warning C4244: 'initializing': conversion from 'float' to 'int', possible loss of data
e:\downloads\ergastirio opengl\graphics project\graphics project\renderer.cpp(1367): warning C4244: 'initializing': conversion from 'float' to 'int', possible loss of data
e:\downloads\ergastirio opengl\graphics project\graphics project\renderer.cpp(1377): warning C4305: 'argument': truncation from 'double' to 'T'
          with
          [
              T=float
          ]
e:\downloads\ergastirio opengl\graphics project\graphics project\renderer.cpp(1388): warning C4244: 'initializing': conversion from 'float' to 'int', possible loss of data
e:\downloads\ergastirio opengl\graphics project\graphics project\renderer.cpp(1389): warning C4244: 'initializing': conversion from 'float' to 'int', possible loss of data
e:\downloads\ergastirio opengl\graphics project\graphics project\renderer.cpp(1399): warning C4305: 'argument': truncation from 'double' to 'T'
          with
          [
              T=float
          ]
e:\downloads\ergastirio opengl\graphics project\graphics project\renderer.cpp(1414): warning C4244: 'initializing': conversion from 'float' to 'int', possible loss of data
e:\downloads\ergastirio opengl\graphics project\graphics project\renderer.cpp(1415): warning C4244: 'initializing': conversion from 'float' to 'int', possible loss of data
  Sea.cpp
e:\downloads\ergastirio opengl\graphics project\graphics project\sea.cpp(9): warning C4244: '+=': conversion from 'double' to 'float', possible loss of data
e:\downloads\ergastirio opengl\graphics project\graphics project\object.h(19): error C2440: '<function-style-cast>': cannot convert from 'Object' to 'std::shared_ptr<Object>'
  e:\downloads\ergastirio opengl\graphics project\graphics project\object.h(19): note: No constructor could take the source type, or constructor overload resolution was ambiguous
  e:\downloads\ergastirio opengl\graphics project\graphics project\sea.cpp(3): note: see reference to function template instantiation 'Object::Object<std::shared_ptr<GeometryNode>>(Tag,std::shared_ptr<GeometryNode>)' being compiled
  Spawner.cpp
e:\downloads\ergastirio opengl\graphics project\graphics project\enemy.h(48): warning C4305: 'initializing': truncation from 'double' to 'float'
e:\downloads\ergastirio opengl\graphics project\graphics project\enemy.h(49): warning C4305: 'initializing': truncation from 'double' to 'float'
e:\downloads\ergastirio opengl\graphics project\graphics project\spawner.cpp(35): warning C4244: '=': conversion from 'double' to 'float', possible loss of data
e:\downloads\ergastirio opengl\graphics project\graphics project\spawner.cpp(36): warning C4244: '=': conversion from 'int' to 'float', possible loss of data
e:\downloads\ergastirio opengl\graphics project\graphics project\spawner.cpp(37): warning C4244: '=': conversion from 'int' to 'float', possible loss of data
e:\downloads\ergastirio opengl\graphics project\graphics project\spawner.cpp(45): warning C4305: 'argument': truncation from 'double' to 'T'
          with
          [
              T=float
          ]
  TowerBase.cpp
e:\downloads\ergastirio opengl\graphics project\graphics project\towerbase.cpp(13): warning C4244: 'argument': conversion from 'double' to 'float', possible loss of data
e:\downloads\ergastirio opengl\graphics project\graphics project\towerbase.cpp(41): warning C4244: 'return': conversion from 'const double' to 'float', possible loss of data
e:\downloads\ergastirio opengl\graphics project\graphics project\object.h(19): error C2440: '<function-style-cast>': cannot convert from 'Object' to 'std::shared_ptr<Object>'
  e:\downloads\ergastirio opengl\graphics project\graphics project\object.h(19): note: No constructor could take the source type, or constructor overload resolution was ambiguous
  e:\downloads\ergastirio opengl\graphics project\graphics project\towerbase.cpp(9): note: see reference to function template instantiation 'Object::Object<std::shared_ptr<GeometryNode>>(Tag,std::shared_ptr<GeometryNode>)' being compiled
  Tree.cpp
e:\downloads\ergastirio opengl\graphics project\graphics project\tree.cpp(6): warning C4244: 'argument': conversion from 'double' to 'float', possible loss of data
e:\downloads\ergastirio opengl\graphics project\graphics project\object.h(19): error C2440: '<function-style-cast>': cannot convert from 'Object' to 'std::shared_ptr<Object>'
  e:\downloads\ergastirio opengl\graphics project\graphics project\object.h(19): note: No constructor could take the source type, or constructor overload resolution was ambiguous
  e:\downloads\ergastirio opengl\graphics project\graphics project\tree.cpp(4): note: see reference to function template instantiation 'Object::Object<std::shared_ptr<GeometryNode>>(Tag,std::shared_ptr<GeometryNode>)' being compiled
  main.cpp
e:\downloads\ergastirio opengl\graphics project\graphics project\camera.h(93): warning C4244: 'initializing': conversion from 'double' to 'const float', possible loss of data
