e:\downloads\ergastirio opengl\graphics project\graphics project\x64\release\vc141.pdb
e:\downloads\ergastirio opengl\graphics project\graphics project\x64\release\objloader.obj
e:\downloads\ergastirio opengl\graphics project\graphics project\x64\release\objectlibrary.obj
e:\downloads\ergastirio opengl\graphics project\graphics project\x64\release\model.obj
e:\downloads\ergastirio opengl\graphics project\graphics project\x64\release\menu.obj
e:\downloads\ergastirio opengl\graphics project\graphics project\x64\release\map.obj
e:\downloads\ergastirio opengl\graphics project\graphics project\x64\release\line.obj
e:\downloads\ergastirio opengl\graphics project\graphics project\x64\release\lightning.obj
e:\downloads\ergastirio opengl\graphics project\graphics project\x64\release\light.obj
e:\downloads\ergastirio opengl\graphics project\graphics project\x64\release\geometrynode.obj
e:\downloads\ergastirio opengl\graphics project\graphics project\x64\release\geometricmesh.obj
e:\downloads\ergastirio opengl\graphics project\graphics project\x64\release\font.obj
e:\downloads\ergastirio opengl\graphics project\graphics project\x64\release\directionallight.obj
e:\downloads\ergastirio opengl\graphics project\graphics project\x64\release\character.obj
e:\downloads\ergastirio opengl\graphics project\graphics project\x64\release\castlepart.obj
e:\downloads\ergastirio opengl\graphics project\graphics project\x64\release\camera.obj
e:\downloads\ergastirio opengl\graphics project\graphics project\x64\release\cannontower.obj
e:\downloads\ergastirio opengl\graphics project\graphics project\x64\release\box.obj
e:\downloads\ergastirio opengl\graphics project\graphics project\x64\release\bowtower.obj
e:\downloads\ergastirio opengl\graphics project\graphics project\x64\release\boundingsphere.obj
e:\downloads\ergastirio opengl\graphics project\graphics project\x64\release\water.obj
e:\downloads\ergastirio opengl\graphics project\graphics project\x64\release\tree.obj
e:\downloads\ergastirio opengl\graphics project\graphics project\x64\release\transformation.obj
e:\downloads\ergastirio opengl\graphics project\graphics project\x64\release\tower.obj
e:\downloads\ergastirio opengl\graphics project\graphics project\x64\release\tools.obj
e:\downloads\ergastirio opengl\graphics project\graphics project\x64\release\texturemanager.obj
e:\downloads\ergastirio opengl\graphics project\graphics project\x64\release\text.obj
e:\downloads\ergastirio opengl\graphics project\graphics project\x64\release\terrain.obj
e:\downloads\ergastirio opengl\graphics project\graphics project\x64\release\statusbar.obj
e:\downloads\ergastirio opengl\graphics project\graphics project\x64\release\spotlightnode.obj
e:\downloads\ergastirio opengl\graphics project\graphics project\x64\release\spotlight.obj
e:\downloads\ergastirio opengl\graphics project\graphics project\x64\release\spawner.obj
e:\downloads\ergastirio opengl\graphics project\graphics project\x64\release\skybox.obj
e:\downloads\ergastirio opengl\graphics project\graphics project\x64\release\shaderprogram.obj
e:\downloads\ergastirio opengl\graphics project\graphics project\x64\release\rigidbody.obj
e:\downloads\ergastirio opengl\graphics project\graphics project\x64\release\projectiletower.obj
e:\downloads\ergastirio opengl\graphics project\graphics project\x64\release\projectile.obj
e:\downloads\ergastirio opengl\graphics project\graphics project\x64\release\pointlight.obj
e:\downloads\ergastirio opengl\graphics project\graphics project\x64\release\pirate.obj
e:\downloads\ergastirio opengl\graphics project\graphics project\x64\release\word.obj
e:\downloads\ergastirio opengl\graphics project\graphics project\x64\release\renderer.obj
e:\downloads\ergastirio opengl\graphics project\graphics project\x64\release\main.obj
e:\downloads\ergastirio opengl\graphics project\x64\release\graphics project.ipdb
e:\downloads\ergastirio opengl\graphics project\x64\release\graphics project.iobj
e:\downloads\ergastirio opengl\graphics project\x64\release\graphics project.exe
e:\downloads\ergastirio opengl\graphics project\x64\release\graphics project.pdb
e:\downloads\ergastirio opengl\graphics project\graphics project\x64\release\graphics project.tlog\cl.command.1.tlog
e:\downloads\ergastirio opengl\graphics project\graphics project\x64\release\graphics project.tlog\cl.read.1.tlog
e:\downloads\ergastirio opengl\graphics project\graphics project\x64\release\graphics project.tlog\cl.write.1.tlog
e:\downloads\ergastirio opengl\graphics project\graphics project\x64\release\graphics project.tlog\graphics project.write.1u.tlog
e:\downloads\ergastirio opengl\graphics project\graphics project\x64\release\graphics project.tlog\link.command.1.tlog
e:\downloads\ergastirio opengl\graphics project\graphics project\x64\release\graphics project.tlog\link.read.1.tlog
e:\downloads\ergastirio opengl\graphics project\graphics project\x64\release\graphics project.tlog\link.write.1.tlog
